#
# A fatal error has been detected by the Java Runtime Environment:
#
#  EXCEPTION_ACCESS_VIOLATION (0xc0000005) at pc=0x00007fff0d84cdec, pid=16700, tid=0x0000000000001f28
#
# JRE version: Java(TM) SE Runtime Environment (8.0_341-b10) (build 1.8.0_341-b10)
# Java VM: Java HotSpot(TM) 64-Bit Server VM (25.341-b10 mixed mode windows-amd64 compressed oops)
# Problematic frame:
# C  [lwjgl_opengl.dll+0xcdec]
#
# Failed to write core dump. Minidumps are not enabled by default on client versions of Windows
#
# If you would like to submit a bug report, please visit:
#   http://bugreport.java.com/bugreport/crash.jsp
# The crash happened outside the Java Virtual Machine in native code.
# See problematic frame for where to report the bug.
#

---------------  T H R E A D  ---------------

Current thread (0x000002381bef4800):  JavaThread "main" [_thread_in_native, id=7976, stack(0x000000c813a00000,0x000000c813b00000)]

siginfo: ExceptionCode=0xc0000005, reading address 0x0000000000000a78

Registers:
RAX=0x0000023839de0c60, RBX=0x00000238368a9dc8, RCX=0x0000000000000000, RDX=0x0000000000000000
RSP=0x000000c813aff5a8, RBP=0x000000c813aff630, RSI=0x0000000000000000, RDI=0x000002381d9a84bd
R8 =0x0000000000000500, R9 =0x00000000000002d0, R10=0x0000000000000000, R11=0x0000000050f0a790
R12=0x0000000000000000, R13=0x00000238368a9dc0, R14=0x000000c813aff668, R15=0x000002381bef4800
RIP=0x00007fff0d84cdec, EFLAGS=0x0000000000010202

Top of Stack: (sp=0x000000c813aff5a8)
0x000000c813aff5a8:   000002381d9c46e7 000002381d9a84bd
0x000000c813aff5b8:   000002381d9c4025 00000238368a9dc8
0x000000c813aff5c8:   000000c813aff630 0000000000000500
0x000000c813aff5d8:   00000238000002d0 000000c813aff6d8
0x000000c813aff5e8:   000002381d9c3fe2 000000c813aff5f0
0x000000c813aff5f8:   00000238368a9dc0 000000c813aff668
0x000000c813aff608:   00000238368ad3c0 0000000000000000
0x000000c813aff618:   00000238368a9dc8 0000000000000000
0x000000c813aff628:   000000c813aff650 000000c813aff6b0
0x000000c813aff638:   000002381d9a84bd 000000076c0873d0
0x000000c813aff648:   000002381d9b9778 00000000000002d0
0x000000c813aff658:   0000000000000500 0000000000000000
0x000000c813aff668:   0000000000000000 000000c813aff670
0x000000c813aff678:   000002383687ac64 000000c813aff6d8
0x000000c813aff688:   0000023836886958 0000000000000000
0x000000c813aff698:   000002383687acb0 000000c813aff650 

Instructions: (pc=0x00007fff0d84cdec)
0x00007fff0d84cdcc:   cc cc cc cc 40 53 48 8b 01 41 8b d8 44 8b 44 24
0x00007fff0d84cddc:   30 41 8b d1 44 8b 4c 24 38 8b cb 4c 8b 50 18 5b
0x00007fff0d84cdec:   49 ff a2 78 0a 00 00 cc cc cc cc cc cc cc cc cc
0x00007fff0d84cdfc:   cc cc cc cc 40 53 48 83 ec 50 48 8b 01 41 8b d8 


Register to memory mapping:

RAX=0x0000023839de0c60 is an unknown value
RBX={method} {0x00000238368a9dd0} 'glViewport' '(IIII)V' in 'org/lwjgl/opengl/GL11C'
RCX=0x0000000000000000 is an unknown value
RDX=0x0000000000000000 is an unknown value
RSP=0x000000c813aff5a8 is pointing into the stack for thread: 0x000002381bef4800
RBP=0x000000c813aff630 is pointing into the stack for thread: 0x000002381bef4800
RSI=0x0000000000000000 is an unknown value
RDI=0x000002381d9a84bd is at code_begin+2301 in an Interpreter codelet
invoke return entry points  [0x000002381d9a7bc0, 0x000002381d9a85a0]  2528 bytes
R8 =0x0000000000000500 is an unknown value
R9 =0x00000000000002d0 is an unknown value
R10=0x0000000000000000 is an unknown value
R11=0x0000000050f0a790 is an unknown value
R12=0x0000000000000000 is an unknown value
R13=0x00000238368a9dc0 is pointing into metadata
R14=0x000000c813aff668 is pointing into the stack for thread: 0x000002381bef4800
R15=0x000002381bef4800 is a thread


Stack: [0x000000c813a00000,0x000000c813b00000],  sp=0x000000c813aff5a8,  free space=1021k
Native frames: (J=compiled Java code, j=interpreted, Vv=VM code, C=native code)
C  [lwjgl_opengl.dll+0xcdec]
C  0x000002381d9c46e7

Java frames: (J=compiled Java code, j=interpreted, Vv=VM code)
j  org.lwjgl.opengl.GL11C.glViewport(IIII)V+0
j  org.lwjgl.opengl.GL11.glViewport(IIII)V+4
j  reghzy.juigl.Main.main([Ljava/lang/String;)V+69
v  ~StubRoutines::call_stub

---------------  P R O C E S S  ---------------

Java Threads: ( => current thread )
  0x00000238398f2800 JavaThread "Service Thread" daemon [_thread_blocked, id=12584, stack(0x000000c815100000,0x000000c815200000)]
  0x00000238398e2800 JavaThread "C1 CompilerThread3" daemon [_thread_blocked, id=15144, stack(0x000000c815000000,0x000000c815100000)]
  0x00000238398e1800 JavaThread "C2 CompilerThread2" daemon [_thread_blocked, id=20700, stack(0x000000c814f00000,0x000000c815000000)]
  0x00000238398de800 JavaThread "C2 CompilerThread1" daemon [_thread_blocked, id=7080, stack(0x000000c814e00000,0x000000c814f00000)]
  0x00000238398de000 JavaThread "C2 CompilerThread0" daemon [_thread_blocked, id=10748, stack(0x000000c814d00000,0x000000c814e00000)]
  0x00000238392c3000 JavaThread "JDWP Command Reader" daemon [_thread_in_native, id=1040, stack(0x000000c814c00000,0x000000c814d00000)]
  0x00000238392bf800 JavaThread "JDWP Event Helper Thread" daemon [_thread_blocked, id=9576, stack(0x000000c814b00000,0x000000c814c00000)]
  0x00000238392bc800 JavaThread "JDWP Transport Listener: dt_shmem" daemon [_thread_blocked, id=9496, stack(0x000000c814a00000,0x000000c814b00000)]
  0x0000023836f76800 JavaThread "Attach Listener" daemon [_thread_blocked, id=10180, stack(0x000000c814900000,0x000000c814a00000)]
  0x0000023836f75000 JavaThread "Signal Dispatcher" daemon [_thread_blocked, id=10024, stack(0x000000c814800000,0x000000c814900000)]
  0x0000023836f4e800 JavaThread "Finalizer" daemon [_thread_blocked, id=15012, stack(0x000000c814700000,0x000000c814800000)]
  0x0000023836f46800 JavaThread "Reference Handler" daemon [_thread_blocked, id=4168, stack(0x000000c814600000,0x000000c814700000)]
=>0x000002381bef4800 JavaThread "main" [_thread_in_native, id=7976, stack(0x000000c813a00000,0x000000c813b00000)]

Other Threads:
  0x0000023836f1f800 VMThread [stack: 0x000000c814500000,0x000000c814600000] [id=7936]
  0x0000023839a1f000 WatcherThread [stack: 0x000000c815200000,0x000000c815300000] [id=15188]

VM state:not at safepoint (normal execution)

VM Mutex/Monitor currently owned by a thread: None

heap address: 0x00000006c0c00000, size: 4084 MB, Compressed Oops mode: Zero based, Oop shift amount: 3
Narrow klass base: 0x0000000000000000, Narrow klass shift: 3
Compressed class space size: 1073741824 Address: 0x00000007c0000000

Heap:
 PSYoungGen      total 76288K, used 18450K [0x000000076af00000, 0x0000000770400000, 0x00000007c0000000)
  eden space 65536K, 28% used [0x000000076af00000,0x000000076c104888,0x000000076ef00000)
  from space 10752K, 0% used [0x000000076f980000,0x000000076f980000,0x0000000770400000)
  to   space 10752K, 0% used [0x000000076ef00000,0x000000076ef00000,0x000000076f980000)
 ParOldGen       total 175104K, used 0K [0x00000006c0c00000, 0x00000006cb700000, 0x000000076af00000)
  object space 175104K, 0% used [0x00000006c0c00000,0x00000006c0c00000,0x00000006cb700000)
 Metaspace       used 6728K, capacity 6928K, committed 7040K, reserved 1056768K
  class space    used 682K, capacity 788K, committed 896K, reserved 1048576K

Card table byte_map: [0x000002382cd60000,0x000002382d560000] byte_map_base: 0x000002382975a000

Marking Bits: (ParMarkBitMap*) 0x00000000514c9030
 Begin Bits: [0x000002382dac0000, 0x0000023831a90000)
 End Bits:   [0x0000023831a90000, 0x0000023835a60000)

Polling page: 0x000002381c170000

CodeCache: size=245760Kb used=2559Kb max_used=2578Kb free=243200Kb
 bounds [0x000002381d9a0000, 0x000002381dc30000, 0x000002382c9a0000]
 total_blobs=1341 nmethods=500 adapters=763
 compilation: enabled

Compilation events (10 events):
Event: 0.580 Thread 0x00000238398e2800 nmethod 494 0x000002381dc12250 code [0x000002381dc12400, 0x000002381dc129a0]
Event: 0.580 Thread 0x00000238398e2800  495       1       java.security.CodeSource::getLocation (5 bytes)
Event: 0.580 Thread 0x00000238398e2800 nmethod 495 0x000002381dc17b10 code [0x000002381dc17c60, 0x000002381dc17d78]
Event: 0.581 Thread 0x00000238398e1800  496   !   4       sun.misc.URLClassPath$JarLoader::getResource (85 bytes)
Event: 0.591 Thread 0x00000238398e2800  497       3       java.nio.charset.CharsetDecoder::maxCharsPerByte (5 bytes)
Event: 0.591 Thread 0x00000238398e2800 nmethod 497 0x000002381dc17dd0 code [0x000002381dc17f20, 0x000002381dc18078]
Event: 0.592 Thread 0x00000238398e2800  499       3       org.lwjgl.system.MemoryUtil::memPutAddress (29 bytes)
Event: 0.592 Thread 0x00000238398e2800 nmethod 499 0x000002381dc184d0 code [0x000002381dc18620, 0x000002381dc18798]
Event: 0.592 Thread 0x00000238398e2800  500       1       java.lang.Integer::toUnsignedLong (7 bytes)
Event: 0.592 Thread 0x00000238398e2800 nmethod 500 0x000002381dc18810 code [0x000002381dc18960, 0x000002381dc18a58]

GC Heap History (0 events):
No events

Deoptimization events (1 events):
Event: 0.323 Thread 0x000002381bef4800 Uncommon trap: reason=unstable_if action=reinterpret pc=0x000002381db25cb0 method=java.lang.String.indexOf([CII[CIII)I @ 134

Classes redefined (0 events):
No events

Internal exceptions (10 events):
Event: 0.366 Thread 0x000002381bef4800 Exception <a 'sun/nio/fs/WindowsException'> (0x000000076bc9bee0) thrown at [C:\jenkins\workspace\8-2-build-windows-x64-cygwin\jdk8u341\2692\hotspot\src\share\vm\prims\jni.cpp, line 710]
Event: 0.366 Thread 0x000002381bef4800 Exception <a 'sun/nio/fs/WindowsException'> (0x000000076bc9eba8) thrown at [C:\jenkins\workspace\8-2-build-windows-x64-cygwin\jdk8u341\2692\hotspot\src\share\vm\prims\jni.cpp, line 710]
Event: 0.384 Thread 0x000002381bef4800 Exception <a 'sun/nio/fs/WindowsException'> (0x000000076bd66830) thrown at [C:\jenkins\workspace\8-2-build-windows-x64-cygwin\jdk8u341\2692\hotspot\src\share\vm\prims\jni.cpp, line 710]
Event: 0.384 Thread 0x000002381bef4800 Exception <a 'sun/nio/fs/WindowsException'> (0x000000076bd66f00) thrown at [C:\jenkins\workspace\8-2-build-windows-x64-cygwin\jdk8u341\2692\hotspot\src\share\vm\prims\jni.cpp, line 710]
Event: 0.574 Thread 0x000002381bef4800 Exception <a 'sun/nio/fs/WindowsException'> (0x000000076bfbda50) thrown at [C:\jenkins\workspace\8-2-build-windows-x64-cygwin\jdk8u341\2692\hotspot\src\share\vm\prims\jni.cpp, line 710]
Event: 0.574 Thread 0x000002381bef4800 Exception <a 'sun/nio/fs/WindowsException'> (0x000000076bfbe188) thrown at [C:\jenkins\workspace\8-2-build-windows-x64-cygwin\jdk8u341\2692\hotspot\src\share\vm\prims\jni.cpp, line 710]
Event: 0.577 Thread 0x000002381bef4800 Exception <a 'sun/nio/fs/WindowsException'> (0x000000076bfd7468) thrown at [C:\jenkins\workspace\8-2-build-windows-x64-cygwin\jdk8u341\2692\hotspot\src\share\vm\prims\jni.cpp, line 710]
Event: 0.577 Thread 0x000002381bef4800 Exception <a 'sun/nio/fs/WindowsException'> (0x000000076bfd7a58) thrown at [C:\jenkins\workspace\8-2-build-windows-x64-cygwin\jdk8u341\2692\hotspot\src\share\vm\prims\jni.cpp, line 710]
Event: 0.586 Thread 0x000002381bef4800 Exception <a 'sun/nio/fs/WindowsException'> (0x000000076c028490) thrown at [C:\jenkins\workspace\8-2-build-windows-x64-cygwin\jdk8u341\2692\hotspot\src\share\vm\prims\jni.cpp, line 710]
Event: 0.586 Thread 0x000002381bef4800 Exception <a 'sun/nio/fs/WindowsException'> (0x000000076c028d98) thrown at [C:\jenkins\workspace\8-2-build-windows-x64-cygwin\jdk8u341\2692\hotspot\src\share\vm\prims\jni.cpp, line 710]

Events (10 events):
Event: 0.591 Thread 0x000002381bef4800 DEOPT PACKING pc=0x000002381db96354 sp=0x000000c813afaab0
Event: 0.591 Thread 0x000002381bef4800 DEOPT UNPACKING pc=0x000002381d9e7518 sp=0x000000c813afa8d0 mode 1
Event: 0.591 Thread 0x000002381bef4800 DEOPT PACKING pc=0x000002381db960e4 sp=0x000000c813afac40
Event: 0.591 Thread 0x000002381bef4800 DEOPT UNPACKING pc=0x000002381d9e7518 sp=0x000000c813afaa60 mode 1
Event: 0.592 loading class org/lwjgl/opengl/GL11C
Event: 0.592 loading class org/lwjgl/opengl/GL11C done
Event: 0.592 Thread 0x000002381bef4800 DEOPT PACKING pc=0x000002381db96354 sp=0x000000c813afe0e0
Event: 0.592 Thread 0x000002381bef4800 DEOPT UNPACKING pc=0x000002381d9e7518 sp=0x000000c813afdf00 mode 1
Event: 0.592 Thread 0x000002381bef4800 DEOPT PACKING pc=0x000002381db960e4 sp=0x000000c813afe270
Event: 0.592 Thread 0x000002381bef4800 DEOPT UNPACKING pc=0x000002381d9e7518 sp=0x000000c813afe090 mode 1


Dynamic libraries:
0x00007ff7d3240000 - 0x00007ff7d3287000 	C:\Program Files\Java\jdk1.8.0_341\bin\java.exe
0x00007fff372b0000 - 0x00007fff374a8000 	C:\WINDOWS\SYSTEM32\ntdll.dll
0x00007fff361c0000 - 0x00007fff3627d000 	C:\WINDOWS\System32\KERNEL32.DLL
0x00007fff34cd0000 - 0x00007fff34fc6000 	C:\WINDOWS\System32\KERNELBASE.dll
0x00007fff35e70000 - 0x00007fff35f1f000 	C:\WINDOWS\System32\ADVAPI32.dll
0x00007fff35db0000 - 0x00007fff35e4e000 	C:\WINDOWS\System32\msvcrt.dll
0x00007fff36550000 - 0x00007fff365ec000 	C:\WINDOWS\System32\sechost.dll
0x00007fff37040000 - 0x00007fff37166000 	C:\WINDOWS\System32\RPCRT4.dll
0x00007fff36730000 - 0x00007fff368ce000 	C:\WINDOWS\System32\USER32.dll
0x00007fff35290000 - 0x00007fff352b2000 	C:\WINDOWS\System32\win32u.dll
0x00007fff371e0000 - 0x00007fff3720c000 	C:\WINDOWS\System32\GDI32.dll
0x00007fff34fd0000 - 0x00007fff350ea000 	C:\WINDOWS\System32\gdi32full.dll
0x00007fff351f0000 - 0x00007fff3528d000 	C:\WINDOWS\System32\msvcp_win.dll
0x00007fff34990000 - 0x00007fff34a90000 	C:\WINDOWS\System32\ucrtbase.dll
0x00007fff21a10000 - 0x00007fff21caa000 	C:\WINDOWS\WinSxS\amd64_microsoft.windows.common-controls_6595b64144ccf1df_6.0.19041.3636_none_60b6a03d71f818d5\COMCTL32.dll
0x00007fff36280000 - 0x00007fff362b0000 	C:\WINDOWS\System32\IMM32.DLL
0x00007fff20c20000 - 0x00007fff20c35000 	C:\Program Files\Java\jdk1.8.0_341\jre\bin\vcruntime140.dll
0x00007fff0d590000 - 0x00007fff0d62b000 	C:\Program Files\Java\jdk1.8.0_341\jre\bin\msvcp140.dll
0x0000000050ce0000 - 0x0000000051541000 	C:\Program Files\Java\jdk1.8.0_341\jre\bin\server\jvm.dll
0x00007fff35e60000 - 0x00007fff35e68000 	C:\WINDOWS\System32\PSAPI.DLL
0x00007fff2ae40000 - 0x00007fff2ae67000 	C:\WINDOWS\SYSTEM32\WINMM.dll
0x00007fff320e0000 - 0x00007fff320e9000 	C:\WINDOWS\SYSTEM32\WSOCK32.dll
0x00007fff2bcf0000 - 0x00007fff2bcfa000 	C:\WINDOWS\SYSTEM32\VERSION.dll
0x00007fff37170000 - 0x00007fff371db000 	C:\WINDOWS\System32\WS2_32.dll
0x00007fff32830000 - 0x00007fff32842000 	C:\WINDOWS\SYSTEM32\kernel.appcore.dll
0x00007fff2fef0000 - 0x00007fff2ff00000 	C:\Program Files\Java\jdk1.8.0_341\jre\bin\verify.dll
0x00007fff10c40000 - 0x00007fff10c6b000 	C:\Program Files\Java\jdk1.8.0_341\jre\bin\java.dll
0x00007fff10ce0000 - 0x00007fff10d16000 	C:\Program Files\Java\jdk1.8.0_341\jre\bin\jdwp.dll
0x00007fff28240000 - 0x00007fff28249000 	C:\Program Files\Java\jdk1.8.0_341\jre\bin\npt.dll
0x00007fff20c40000 - 0x00007fff20c70000 	C:\Program Files\Java\jdk1.8.0_341\jre\bin\instrument.dll
0x00007fff10c70000 - 0x00007fff10cd4000 	C:\Users\kettl\AppData\Local\Temp\memory_agent.dll
0x00007fff20c00000 - 0x00007fff20c18000 	C:\Program Files\Java\jdk1.8.0_341\jre\bin\zip.dll
0x00007fff368d0000 - 0x00007fff37014000 	C:\WINDOWS\System32\SHELL32.dll
0x00007fff32a30000 - 0x00007fff331cb000 	C:\WINDOWS\SYSTEM32\windows.storage.dll
0x00007fff357e0000 - 0x00007fff35b34000 	C:\WINDOWS\System32\combase.dll
0x00007fff342f0000 - 0x00007fff3431d000 	C:\WINDOWS\SYSTEM32\Wldp.dll
0x00007fff364a0000 - 0x00007fff3654d000 	C:\WINDOWS\System32\SHCORE.dll
0x00007fff37210000 - 0x00007fff37265000 	C:\WINDOWS\System32\shlwapi.dll
0x00007fff348c0000 - 0x00007fff348e5000 	C:\WINDOWS\SYSTEM32\profapi.dll
0x00007fff208e0000 - 0x00007fff208eb000 	C:\Program Files\Java\jdk1.8.0_341\jre\bin\dt_shmem.dll
0x00007fff205f0000 - 0x00007fff2060c000 	C:\Program Files\Java\jdk1.8.0_341\jre\bin\net.dll
0x00007fff340d0000 - 0x00007fff3413a000 	C:\WINDOWS\system32\mswsock.dll
0x00007fff20470000 - 0x00007fff20483000 	C:\Program Files\Java\jdk1.8.0_341\jre\bin\nio.dll
0x00007fff0f480000 - 0x00007fff0f4f5000 	C:\Users\kettl\AppData\Local\Temp\lwjglkettl\3.3.1-build-7\lwjgl.dll
0x00007fff0d8f0000 - 0x00007fff0d951000 	C:\Users\kettl\AppData\Local\Temp\lwjglkettl\3.3.1-build-7\glfw.dll
0x00007fff0d8a0000 - 0x00007fff0d8e5000 	C:\WINDOWS\SYSTEM32\dinput8.dll
0x00007fff12f80000 - 0x00007fff12f91000 	C:\WINDOWS\SYSTEM32\xinput1_4.dll
0x00007fff352c0000 - 0x00007fff3530e000 	C:\WINDOWS\System32\cfgmgr32.dll
0x00007fff34720000 - 0x00007fff34753000 	C:\WINDOWS\SYSTEM32\DEVOBJ.dll
0x00007fff32650000 - 0x00007fff3267f000 	C:\WINDOWS\SYSTEM32\dwmapi.dll
0x00007fff27230000 - 0x00007fff27382000 	C:\WINDOWS\SYSTEM32\inputhost.dll
0x00007fff363d0000 - 0x00007fff3649d000 	C:\WINDOWS\System32\OLEAUT32.dll
0x00007fff31430000 - 0x00007fff31585000 	C:\WINDOWS\SYSTEM32\wintypes.dll
0x00007fff31e70000 - 0x00007fff31f62000 	C:\WINDOWS\SYSTEM32\CoreMessaging.dll
0x00007fff30390000 - 0x00007fff30486000 	C:\WINDOWS\SYSTEM32\PROPSYS.dll
0x00007fff350f0000 - 0x00007fff35172000 	C:\WINDOWS\System32\bcryptPrimitives.dll
0x00007fff31b10000 - 0x00007fff31e6b000 	C:\WINDOWS\SYSTEM32\CoreUIComponents.dll
0x00007fff33ad0000 - 0x00007fff33b03000 	C:\WINDOWS\SYSTEM32\ntmarta.dll
0x00007fff32360000 - 0x00007fff323fe000 	C:\WINDOWS\system32\uxtheme.dll
0x00007fff362b0000 - 0x00007fff363c4000 	C:\WINDOWS\System32\MSCTF.dll
0x00007fff0f860000 - 0x00007fff0f985000 	C:\WINDOWS\SYSTEM32\opengl32.dll
0x00007fff156c0000 - 0x00007fff156ec000 	C:\WINDOWS\SYSTEM32\GLU32.dll
0x00007fff365f0000 - 0x00007fff36699000 	C:\WINDOWS\System32\clbcatq.dll
0x00007fff218c0000 - 0x00007fff218ed000 	C:\WINDOWS\System32\DriverStore\FileRepository\u0395307.inf_amd64_04945749e6d18630\B395312\atig6pxx.dll
0x00007ffebd180000 - 0x00007ffec1820000 	C:\WINDOWS\System32\DriverStore\FileRepository\u0395307.inf_amd64_04945749e6d18630\B395312\atio6axx.dll
0x00007fff35310000 - 0x00007fff3577e000 	C:\WINDOWS\System32\SETUPAPI.dll
0x00007fff34a90000 - 0x00007fff34ab7000 	C:\WINDOWS\System32\bcrypt.dll
0x00007fff289d0000 - 0x00007fff28a05000 	C:\WINDOWS\SYSTEM32\amdihk64.dll
0x00007fff35180000 - 0x00007fff351e7000 	C:\WINDOWS\System32\WINTRUST.dll
0x00007fff34ac0000 - 0x00007fff34c1d000 	C:\WINDOWS\System32\CRYPT32.dll
0x00007fff346c0000 - 0x00007fff346d2000 	C:\WINDOWS\SYSTEM32\MSASN1.dll
0x00007fff250b0000 - 0x00007fff251aa000 	C:\WINDOWS\SYSTEM32\textinputframework.dll
0x00007fff0d840000 - 0x00007fff0d89d000 	C:\Users\kettl\AppData\Local\Temp\lwjglkettl\3.3.1-build-7\lwjgl_opengl.dll
0x00007ffed6910000 - 0x00007ffed6b69000 	C:\Users\kettl\AppData\Local\Temp\lwjglkettl\3.3.1-build-7\jemalloc.dll
0x00007fff2d1e0000 - 0x00007fff2d3c4000 	C:\WINDOWS\SYSTEM32\dbghelp.dll

VM Arguments:
jvm_args: -agentlib:jdwp=transport=dt_shmem,address=javadebug,suspend=y,server=n -javaagent:C:\Users\kettl\AppData\Local\JetBrains\IdeaIC2021.1\captureAgent\debugger-agent.jar -agentpath:C:\Users\kettl\AppData\Local\Temp\memory_agent.dll= -Dfile.encoding=UTF-8 
java_command: reghzy.juigl.Main
java_class_path (initial): C:\Program Files\Java\jdk1.8.0_341\jre\lib\charsets.jar;C:\Program Files\Java\jdk1.8.0_341\jre\lib\deploy.jar;C:\Program Files\Java\jdk1.8.0_341\jre\lib\ext\access-bridge-64.jar;C:\Program Files\Java\jdk1.8.0_341\jre\lib\ext\cldrdata.jar;C:\Program Files\Java\jdk1.8.0_341\jre\lib\ext\dnsns.jar;C:\Program Files\Java\jdk1.8.0_341\jre\lib\ext\jaccess.jar;C:\Program Files\Java\jdk1.8.0_341\jre\lib\ext\jfxrt.jar;C:\Program Files\Java\jdk1.8.0_341\jre\lib\ext\localedata.jar;C:\Program Files\Java\jdk1.8.0_341\jre\lib\ext\nashorn.jar;C:\Program Files\Java\jdk1.8.0_341\jre\lib\ext\sunec.jar;C:\Program Files\Java\jdk1.8.0_341\jre\lib\ext\sunjce_provider.jar;C:\Program Files\Java\jdk1.8.0_341\jre\lib\ext\sunmscapi.jar;C:\Program Files\Java\jdk1.8.0_341\jre\lib\ext\sunpkcs11.jar;C:\Program Files\Java\jdk1.8.0_341\jre\lib\ext\zipfs.jar;C:\Program Files\Java\jdk1.8.0_341\jre\lib\javaws.jar;C:\Program Files\Java\jdk1.8.0_341\jre\lib\jce.jar;C:\Program Files\Java\jdk1.8.0_341\jre\lib\jfr.jar;C:\Program Files\Java\jdk1.8.0_341\jre\lib\jfxswt.jar;C:\Program Files\Java\jdk1.8.0_341\jre\lib\jsse.jar;C:\Program Files\Java\jdk1.8.0_341\jre\lib\management-agent.jar;C:\Program Files\Java\jdk1.8.0_341\jre\lib\plugin.jar;C:\Program Files\Java\jdk1.8.0_341\jre\lib\resources.jar;C:\Program Files\Java\jdk1.8.0_341\jre\lib\rt.jar;F:\IJProjects\JUIGL\out\production\JUIGL;C:\OpenGL\lwjgl-3.3.1\lwjgl.jar;C:\OpenGL\lwjgl-3.3.1\lwjgl-egl.jar;C:\OpenGL\lwjgl-3.3.1\lwjgl-lz4.jar;C:\OpenGL\lwjgl-3.3.1\lwjgl-nfd.jar;C:\OpenGL\lwjgl-3.3.1\lwjgl-ovr.jar;C:\OpenGL\lwjgl-3.3.1\lwjgl-par.jar;C:\OpenGL\lwjgl-3.3.1\lwjgl-sse.jar;C:\OpenGL\lwjgl-3.3.1\lwjgl-stb.jar;C:\OpenGL\lwjgl-3.3.1\lwjgl-vma.jar;C:\OpenGL\lwjgl-3.3.1\lwjgl-bgfx.jar;C:\OpenGL\lwjgl-3.3.1\lwjgl-cuda.jar;C:\OpenGL\lwjgl-3.3.1\lwjgl-glfw.jar;C:\OpenGL\lwjgl-3.3.1\lwjgl-jawt.jar;C:\OpenGL\lwjgl-3.3.1\lwjgl-llvm.jar;C:\OpenGL\lwjgl-3.3.1\lwjgl-lmdb.jar;C:\OpenGL\lwjgl-3.3.1\lwjgl-meow.jar;C:\OpenGL\lwjgl-3.3.1\lwjgl-o
Launcher Type: SUN_STANDARD

Environment Variables:
PATH=C:\Program Files (x86)\Common Files\Intel\Shared Libraries\redist\intel64_win\compiler;C:\Program Files\Java\jdk1.8.0_341\bin;C:\WINDOWS\system32;C:\WINDOWS;C:\WINDOWS\System32\Wbem;C:\WINDOWS\System32\WindowsPowerShell\v1.0\;C:\WINDOWS\System32\OpenSSH\;C:\Program Files\Git\cmd;C:\Program Files (x86)\Windows Kits\10\Windows Performance Toolkit\;D:\Qt\5.15.2\msvc2019_64;D:\Qt\5.15.2\msvc2019_64\lib;D:\Qt\5.15.2\msvc2019_64\lib\cmake;D:\Qt\5.15.2\msvc2019_64\bin;C:\Program Files (x86)\GnuWin32\bin;C:\Program Files\CMake\bin;D:\vcpkg;C:\Users\kettl;C:\Program Files\dotnet\;C:\Users\kettl\AppData\Local\Programs\Python\Python311\Scripts\;C:\Users\kettl\AppData\Local\Programs\Python\Python311\;C:\Users\kettl\AppData\Local\Microsoft\WindowsApps;C:\Users\kettl\AppData\Local\Programs\Microsoft VS Code\bin;C:\Users\kettl;C:\Users\kettl\.dotnet\tools
USERNAME=kettl
OS=Windows_NT
PROCESSOR_IDENTIFIER=AMD64 Family 23 Model 8 Stepping 2, AuthenticAMD



---------------  S Y S T E M  ---------------

OS: Windows 10 , 64 bit Build 19041 (10.0.19041.3636)

CPU:total 12 (initial active 12) (12 cores per cpu, 1 threads per core) family 23 model 8 stepping 2, cmov, cx8, fxsr, mmx, sse, sse2, sse3, ssse3, sse4.1, sse4.2, popcnt, avx, avx2, aes, clmul, mmxext, 3dnowpref, lzcnt, sse4a, tsc, tscinvbit, tscinv, bmi1

Memory: 4k page, physical 16727368k(3451240k free), swap 71253320k(50386296k free)

vm_info: Java HotSpot(TM) 64-Bit Server VM (25.341-b10) for windows-amd64 JRE (1.8.0_341-b10), built on Jun 16 2022 15:51:07 by "java_re" with MS VC++ 15.9 (VS2017)

time: Wed Dec  6 08:02:52 2023
timezone: GMT Standard Time
elapsed time: 0.615304 seconds (0d 0h 0m 0s)

