#
# A fatal error has been detected by the Java Runtime Environment:
#
#  EXCEPTION_ACCESS_VIOLATION (0xc0000005) at pc=0x00007fff0d90c42a, pid=7676, tid=0x0000000000000940
#
# JRE version: Java(TM) SE Runtime Environment (8.0_341-b10) (build 1.8.0_341-b10)
# Java VM: Java HotSpot(TM) 64-Bit Server VM (25.341-b10 mixed mode windows-amd64 compressed oops)
# Problematic frame:
# C  [lwjgl_opengl.dll+0xc42a]
#
# Failed to write core dump. Minidumps are not enabled by default on client versions of Windows
#
# If you would like to submit a bug report, please visit:
#   http://bugreport.java.com/bugreport/crash.jsp
# The crash happened outside the Java Virtual Machine in native code.
# See problematic frame for where to report the bug.
#

---------------  T H R E A D  ---------------

Current thread (0x0000024109734000):  JavaThread "main" [_thread_in_native, id=2368, stack(0x0000005e70a00000,0x0000005e70b00000)]

siginfo: ExceptionCode=0xc0000005, reading address 0x0000000000000000

Registers:
RAX=0x000002412752ac40, RBX=0x00000241240c1e38, RCX=0x000000000000809d, RDX=0x0000000000000000
RSP=0x0000005e70afeff8, RBP=0x0000005e70aff070, RSI=0x0000000000000000, RDI=0x000002410b2184bd
R8 =0x000000000000809d, R9 =0x0000000000000004, R10=0x000002410b2346bb, R11=0x0000000050f0a790
R12=0x0000000000000000, R13=0x00000241240c1e30, R14=0x0000005e70aff090, R15=0x0000024109734000
RIP=0x00007fff0d90c42a, EFLAGS=0x0000000000010206

Top of Stack: (sp=0x0000005e70afeff8)
0x0000005e70afeff8:   000002410b2346e7 00000241240c1e38
0x0000005e70aff008:   0000005e70aff070 0000000000000000
0x0000005e70aff018:   0000024109734000 0000005e70aff0e8
0x0000005e70aff028:   000002410b233fe2 0000005e70aff030
0x0000005e70aff038:   00000241240c1e30 0000005e70aff090
0x0000005e70aff048:   00000241240cd3c0 0000000000000000
0x0000005e70aff058:   00000241240c1e38 0000000000000000
0x0000005e70aff068:   0000005e70aff090 0000005e70aff0d8
0x0000005e70aff078:   000002410b2184bd 000000076c087400
0x0000005e70aff088:   000002410b229778 000000000000809d
0x0000005e70aff098:   0000005e70aff098 000002412407aff1
0x0000005e70aff0a8:   0000005e70aff0e8 00000241240a6958
0x0000005e70aff0b8:   0000000000000000 000002412407b018
0x0000005e70aff0c8:   0000005e70aff090 0000005e70aff0e8
0x0000005e70aff0d8:   0000005e70aff130 000002410b2184bd
0x0000005e70aff0e8:   000000000000809d 0000005e70aff0f0 

Instructions: (pc=0x00007fff0d90c42a)
0x00007fff0d90c40a:   18 5b 49 ff a2 70 0a 00 00 cc cc cc cc cc cc cc
0x00007fff0d90c41a:   cc cc cc cc cc cc 48 8b 01 41 8b c8 48 8b 50 18
0x00007fff0d90c42a:   48 ff 22 cc cc cc 48 8b 01 41 8b c8 48 8b 50 18
0x00007fff0d90c43a:   48 ff 62 08 cc cc 48 8b 01 41 8b d1 41 8b c8 4c 


Register to memory mapping:

RAX=0x000002412752ac40 is an unknown value
RBX={method} {0x00000241240c1e40} 'glEnable' '(I)V' in 'org/lwjgl/opengl/GL11C'
RCX=0x000000000000809d is an unknown value
RDX=0x0000000000000000 is an unknown value
RSP=0x0000005e70afeff8 is pointing into the stack for thread: 0x0000024109734000
RBP=0x0000005e70aff070 is pointing into the stack for thread: 0x0000024109734000
RSI=0x0000000000000000 is an unknown value
RDI=0x000002410b2184bd is at code_begin+2301 in an Interpreter codelet
invoke return entry points  [0x000002410b217bc0, 0x000002410b2185a0]  2528 bytes
R8 =0x000000000000809d is an unknown value
R9 =0x0000000000000004 is an unknown value
R10=0x000002410b2346bb is at code_begin+1915 in an Interpreter codelet
method entry point (kind = native)  [0x000002410b233f40, 0x000002410b235220]  4832 bytes
R11=0x0000000050f0a790 is an unknown value
R12=0x0000000000000000 is an unknown value
R13=0x00000241240c1e30 is pointing into metadata
R14=0x0000005e70aff090 is pointing into the stack for thread: 0x0000024109734000
R15=0x0000024109734000 is a thread


Stack: [0x0000005e70a00000,0x0000005e70b00000],  sp=0x0000005e70afeff8,  free space=1019k
Native frames: (J=compiled Java code, j=interpreted, Vv=VM code, C=native code)
C  [lwjgl_opengl.dll+0xc42a]

Java frames: (J=compiled Java code, j=interpreted, Vv=VM code)
j  org.lwjgl.opengl.GL11C.glEnable(I)V+0
j  org.lwjgl.opengl.GL11.glEnable(I)V+1
j  reghzy.juigl.Main.main([Ljava/lang/String;)V+57
v  ~StubRoutines::call_stub

---------------  P R O C E S S  ---------------

Java Threads: ( => current thread )
  0x0000024127054000 JavaThread "Service Thread" daemon [_thread_blocked, id=10388, stack(0x0000005e72100000,0x0000005e72200000)]
  0x000002412703e000 JavaThread "C1 CompilerThread3" daemon [_thread_blocked, id=11324, stack(0x0000005e72000000,0x0000005e72100000)]
  0x000002412703b800 JavaThread "C2 CompilerThread2" daemon [_thread_blocked, id=4708, stack(0x0000005e71f00000,0x0000005e72000000)]
  0x0000024127038000 JavaThread "C2 CompilerThread1" daemon [_thread_blocked, id=12344, stack(0x0000005e71e00000,0x0000005e71f00000)]
  0x0000024127037000 JavaThread "C2 CompilerThread0" daemon [_thread_blocked, id=19076, stack(0x0000005e71d00000,0x0000005e71e00000)]
  0x0000024126a1a000 JavaThread "JDWP Command Reader" daemon [_thread_in_native, id=6876, stack(0x0000005e71c00000,0x0000005e71d00000)]
  0x0000024126a13800 JavaThread "JDWP Event Helper Thread" daemon [_thread_blocked, id=22040, stack(0x0000005e71b00000,0x0000005e71c00000)]
  0x00000241245c4000 JavaThread "JDWP Transport Listener: dt_shmem" daemon [_thread_blocked, id=8200, stack(0x0000005e71a00000,0x0000005e71b00000)]
  0x00000241245b3000 JavaThread "Attach Listener" daemon [_thread_blocked, id=20068, stack(0x0000005e71900000,0x0000005e71a00000)]
  0x00000241245b0000 JavaThread "Signal Dispatcher" daemon [_thread_blocked, id=12756, stack(0x0000005e71800000,0x0000005e71900000)]
  0x000002412458b000 JavaThread "Finalizer" daemon [_thread_blocked, id=6480, stack(0x0000005e71700000,0x0000005e71800000)]
  0x0000024124583800 JavaThread "Reference Handler" daemon [_thread_blocked, id=3348, stack(0x0000005e71600000,0x0000005e71700000)]
=>0x0000024109734000 JavaThread "main" [_thread_in_native, id=2368, stack(0x0000005e70a00000,0x0000005e70b00000)]

Other Threads:
  0x000002412455a000 VMThread [stack: 0x0000005e71500000,0x0000005e71600000] [id=19108]
  0x000002412716e000 WatcherThread [stack: 0x0000005e72200000,0x0000005e72300000] [id=4924]

VM state:not at safepoint (normal execution)

VM Mutex/Monitor currently owned by a thread: None

heap address: 0x00000006c0c00000, size: 4084 MB, Compressed Oops mode: Zero based, Oop shift amount: 3
Narrow klass base: 0x0000000000000000, Narrow klass shift: 3
Compressed class space size: 1073741824 Address: 0x00000007c0000000

Heap:
 PSYoungGen      total 76288K, used 18450K [0x000000076af00000, 0x0000000770400000, 0x00000007c0000000)
  eden space 65536K, 28% used [0x000000076af00000,0x000000076c1048b8,0x000000076ef00000)
  from space 10752K, 0% used [0x000000076f980000,0x000000076f980000,0x0000000770400000)
  to   space 10752K, 0% used [0x000000076ef00000,0x000000076ef00000,0x000000076f980000)
 ParOldGen       total 175104K, used 0K [0x00000006c0c00000, 0x00000006cb700000, 0x000000076af00000)
  object space 175104K, 0% used [0x00000006c0c00000,0x00000006c0c00000,0x00000006cb700000)
 Metaspace       used 6722K, capacity 6928K, committed 7040K, reserved 1056768K
  class space    used 682K, capacity 788K, committed 896K, reserved 1048576K

Card table byte_map: [0x000002411a5d0000,0x000002411add0000] byte_map_base: 0x0000024116fca000

Marking Bits: (ParMarkBitMap*) 0x00000000514c9030
 Begin Bits: [0x000002411b330000, 0x000002411f300000)
 End Bits:   [0x000002411f300000, 0x00000241232d0000)

Polling page: 0x00000241096d0000

CodeCache: size=245760Kb used=2554Kb max_used=2572Kb free=243205Kb
 bounds [0x000002410b210000, 0x000002410b4a0000, 0x000002411a210000]
 total_blobs=1339 nmethods=498 adapters=763
 compilation: enabled

Compilation events (10 events):
Event: 0.629 Thread 0x000002412703e000 nmethod 491 0x000002410b485fd0 code [0x000002410b486180, 0x000002410b486570]
Event: 0.629 Thread 0x000002412703e000  492       1       java.security.CodeSource::getLocation (5 bytes)
Event: 0.629 Thread 0x000002412703e000 nmethod 492 0x000002410b486750 code [0x000002410b4868a0, 0x000002410b4869b8]
Event: 0.630 Thread 0x000002412703b800  493   !   4       sun.misc.URLClassPath$JarLoader::getResource (85 bytes)
Event: 0.637 Thread 0x000002412703e000  495       3       java.nio.charset.CharsetDecoder::maxCharsPerByte (5 bytes)
Event: 0.637 Thread 0x000002412703e000 nmethod 495 0x000002410b486dd0 code [0x000002410b486f20, 0x000002410b487078]
Event: 0.638 Thread 0x000002412703e000  497       3       org.lwjgl.system.MemoryUtil::memPutAddress (29 bytes)
Event: 0.638 Thread 0x000002412703e000 nmethod 497 0x000002410b4874d0 code [0x000002410b487620, 0x000002410b487798]
Event: 0.638 Thread 0x000002412703e000  498       1       java.lang.Integer::toUnsignedLong (7 bytes)
Event: 0.638 Thread 0x000002412703e000 nmethod 498 0x000002410b487810 code [0x000002410b487960, 0x000002410b487a58]

GC Heap History (0 events):
No events

Deoptimization events (1 events):
Event: 0.369 Thread 0x0000024109734000 Uncommon trap: reason=unstable_if action=reinterpret pc=0x000002410b393370 method=java.lang.String.indexOf([CII[CIII)I @ 134

Classes redefined (0 events):
No events

Internal exceptions (10 events):
Event: 0.420 Thread 0x0000024109734000 Exception <a 'sun/nio/fs/WindowsException'> (0x000000076bc9bf10) thrown at [C:\jenkins\workspace\8-2-build-windows-x64-cygwin\jdk8u341\2692\hotspot\src\share\vm\prims\jni.cpp, line 710]
Event: 0.420 Thread 0x0000024109734000 Exception <a 'sun/nio/fs/WindowsException'> (0x000000076bc9ebd8) thrown at [C:\jenkins\workspace\8-2-build-windows-x64-cygwin\jdk8u341\2692\hotspot\src\share\vm\prims\jni.cpp, line 710]
Event: 0.442 Thread 0x0000024109734000 Exception <a 'sun/nio/fs/WindowsException'> (0x000000076bd66860) thrown at [C:\jenkins\workspace\8-2-build-windows-x64-cygwin\jdk8u341\2692\hotspot\src\share\vm\prims\jni.cpp, line 710]
Event: 0.442 Thread 0x0000024109734000 Exception <a 'sun/nio/fs/WindowsException'> (0x000000076bd66f30) thrown at [C:\jenkins\workspace\8-2-build-windows-x64-cygwin\jdk8u341\2692\hotspot\src\share\vm\prims\jni.cpp, line 710]
Event: 0.624 Thread 0x0000024109734000 Exception <a 'sun/nio/fs/WindowsException'> (0x000000076bfbda80) thrown at [C:\jenkins\workspace\8-2-build-windows-x64-cygwin\jdk8u341\2692\hotspot\src\share\vm\prims\jni.cpp, line 710]
Event: 0.624 Thread 0x0000024109734000 Exception <a 'sun/nio/fs/WindowsException'> (0x000000076bfbe1b8) thrown at [C:\jenkins\workspace\8-2-build-windows-x64-cygwin\jdk8u341\2692\hotspot\src\share\vm\prims\jni.cpp, line 710]
Event: 0.627 Thread 0x0000024109734000 Exception <a 'sun/nio/fs/WindowsException'> (0x000000076bfd7498) thrown at [C:\jenkins\workspace\8-2-build-windows-x64-cygwin\jdk8u341\2692\hotspot\src\share\vm\prims\jni.cpp, line 710]
Event: 0.627 Thread 0x0000024109734000 Exception <a 'sun/nio/fs/WindowsException'> (0x000000076bfd7a88) thrown at [C:\jenkins\workspace\8-2-build-windows-x64-cygwin\jdk8u341\2692\hotspot\src\share\vm\prims\jni.cpp, line 710]
Event: 0.634 Thread 0x0000024109734000 Exception <a 'sun/nio/fs/WindowsException'> (0x000000076c0284c0) thrown at [C:\jenkins\workspace\8-2-build-windows-x64-cygwin\jdk8u341\2692\hotspot\src\share\vm\prims\jni.cpp, line 710]
Event: 0.634 Thread 0x0000024109734000 Exception <a 'sun/nio/fs/WindowsException'> (0x000000076c028dc8) thrown at [C:\jenkins\workspace\8-2-build-windows-x64-cygwin\jdk8u341\2692\hotspot\src\share\vm\prims\jni.cpp, line 710]

Events (10 events):
Event: 0.637 Thread 0x0000024109734000 DEOPT PACKING pc=0x000002410b35db74 sp=0x0000005e70afa4e0
Event: 0.637 Thread 0x0000024109734000 DEOPT UNPACKING pc=0x000002410b257518 sp=0x0000005e70afa300 mode 1
Event: 0.637 Thread 0x0000024109734000 DEOPT PACKING pc=0x000002410b35d904 sp=0x0000005e70afa670
Event: 0.637 Thread 0x0000024109734000 DEOPT UNPACKING pc=0x000002410b257518 sp=0x0000005e70afa490 mode 1
Event: 0.638 loading class org/lwjgl/opengl/GL11C
Event: 0.638 loading class org/lwjgl/opengl/GL11C done
Event: 0.638 Thread 0x0000024109734000 DEOPT PACKING pc=0x000002410b35db74 sp=0x0000005e70afdb20
Event: 0.638 Thread 0x0000024109734000 DEOPT UNPACKING pc=0x000002410b257518 sp=0x0000005e70afd940 mode 1
Event: 0.638 Thread 0x0000024109734000 DEOPT PACKING pc=0x000002410b35d904 sp=0x0000005e70afdcb0
Event: 0.638 Thread 0x0000024109734000 DEOPT UNPACKING pc=0x000002410b257518 sp=0x0000005e70afdad0 mode 1


Dynamic libraries:
0x00007ff7d3240000 - 0x00007ff7d3287000 	C:\Program Files\Java\jdk1.8.0_341\bin\java.exe
0x00007fff372b0000 - 0x00007fff374a8000 	C:\WINDOWS\SYSTEM32\ntdll.dll
0x00007fff361c0000 - 0x00007fff3627d000 	C:\WINDOWS\System32\KERNEL32.DLL
0x00007fff34cd0000 - 0x00007fff34fc6000 	C:\WINDOWS\System32\KERNELBASE.dll
0x00007fff35e70000 - 0x00007fff35f1f000 	C:\WINDOWS\System32\ADVAPI32.dll
0x00007fff35db0000 - 0x00007fff35e4e000 	C:\WINDOWS\System32\msvcrt.dll
0x00007fff36550000 - 0x00007fff365ec000 	C:\WINDOWS\System32\sechost.dll
0x00007fff37040000 - 0x00007fff37166000 	C:\WINDOWS\System32\RPCRT4.dll
0x00007fff36730000 - 0x00007fff368ce000 	C:\WINDOWS\System32\USER32.dll
0x00007fff35290000 - 0x00007fff352b2000 	C:\WINDOWS\System32\win32u.dll
0x00007fff371e0000 - 0x00007fff3720c000 	C:\WINDOWS\System32\GDI32.dll
0x00007fff34fd0000 - 0x00007fff350ea000 	C:\WINDOWS\System32\gdi32full.dll
0x00007fff351f0000 - 0x00007fff3528d000 	C:\WINDOWS\System32\msvcp_win.dll
0x00007fff34990000 - 0x00007fff34a90000 	C:\WINDOWS\System32\ucrtbase.dll
0x00007fff21a10000 - 0x00007fff21caa000 	C:\WINDOWS\WinSxS\amd64_microsoft.windows.common-controls_6595b64144ccf1df_6.0.19041.3636_none_60b6a03d71f818d5\COMCTL32.dll
0x00007fff36280000 - 0x00007fff362b0000 	C:\WINDOWS\System32\IMM32.DLL
0x00007fff20c20000 - 0x00007fff20c35000 	C:\Program Files\Java\jdk1.8.0_341\jre\bin\vcruntime140.dll
0x00007fff0d590000 - 0x00007fff0d62b000 	C:\Program Files\Java\jdk1.8.0_341\jre\bin\msvcp140.dll
0x0000000050ce0000 - 0x0000000051541000 	C:\Program Files\Java\jdk1.8.0_341\jre\bin\server\jvm.dll
0x00007fff35e60000 - 0x00007fff35e68000 	C:\WINDOWS\System32\PSAPI.DLL
0x00007fff320e0000 - 0x00007fff320e9000 	C:\WINDOWS\SYSTEM32\WSOCK32.dll
0x00007fff2bcf0000 - 0x00007fff2bcfa000 	C:\WINDOWS\SYSTEM32\VERSION.dll
0x00007fff2ae40000 - 0x00007fff2ae67000 	C:\WINDOWS\SYSTEM32\WINMM.dll
0x00007fff37170000 - 0x00007fff371db000 	C:\WINDOWS\System32\WS2_32.dll
0x00007fff32830000 - 0x00007fff32842000 	C:\WINDOWS\SYSTEM32\kernel.appcore.dll
0x00007fff2fef0000 - 0x00007fff2ff00000 	C:\Program Files\Java\jdk1.8.0_341\jre\bin\verify.dll
0x00007fff10c40000 - 0x00007fff10c6b000 	C:\Program Files\Java\jdk1.8.0_341\jre\bin\java.dll
0x00007fff209f0000 - 0x00007fff20a26000 	C:\Program Files\Java\jdk1.8.0_341\jre\bin\jdwp.dll
0x00007fff30630000 - 0x00007fff30639000 	C:\Program Files\Java\jdk1.8.0_341\jre\bin\npt.dll
0x00007fff20c40000 - 0x00007fff20c70000 	C:\Program Files\Java\jdk1.8.0_341\jre\bin\instrument.dll
0x00007fff15020000 - 0x00007fff15084000 	C:\Users\kettl\AppData\Local\Temp\memory_agent.dll
0x00007fff20c00000 - 0x00007fff20c18000 	C:\Program Files\Java\jdk1.8.0_341\jre\bin\zip.dll
0x00007fff368d0000 - 0x00007fff37014000 	C:\WINDOWS\System32\SHELL32.dll
0x00007fff32a30000 - 0x00007fff331cb000 	C:\WINDOWS\SYSTEM32\windows.storage.dll
0x00007fff357e0000 - 0x00007fff35b34000 	C:\WINDOWS\System32\combase.dll
0x00007fff342f0000 - 0x00007fff3431d000 	C:\WINDOWS\SYSTEM32\Wldp.dll
0x00007fff364a0000 - 0x00007fff3654d000 	C:\WINDOWS\System32\SHCORE.dll
0x00007fff37210000 - 0x00007fff37265000 	C:\WINDOWS\System32\shlwapi.dll
0x00007fff348c0000 - 0x00007fff348e5000 	C:\WINDOWS\SYSTEM32\profapi.dll
0x00007fff30620000 - 0x00007fff3062b000 	C:\Program Files\Java\jdk1.8.0_341\jre\bin\dt_shmem.dll
0x00007fff205f0000 - 0x00007fff2060c000 	C:\Program Files\Java\jdk1.8.0_341\jre\bin\net.dll
0x00007fff340d0000 - 0x00007fff3413a000 	C:\WINDOWS\system32\mswsock.dll
0x00007fff20470000 - 0x00007fff20483000 	C:\Program Files\Java\jdk1.8.0_341\jre\bin\nio.dll
0x00007fff10db0000 - 0x00007fff10e25000 	C:\Users\kettl\AppData\Local\Temp\lwjglkettl\3.3.1-build-7\lwjgl.dll
0x00007fff10d40000 - 0x00007fff10da1000 	C:\Users\kettl\AppData\Local\Temp\lwjglkettl\3.3.1-build-7\glfw.dll
0x00007fff0f4b0000 - 0x00007fff0f4f5000 	C:\WINDOWS\SYSTEM32\dinput8.dll
0x00007fff208d0000 - 0x00007fff208e1000 	C:\WINDOWS\SYSTEM32\xinput1_4.dll
0x00007fff352c0000 - 0x00007fff3530e000 	C:\WINDOWS\System32\cfgmgr32.dll
0x00007fff34720000 - 0x00007fff34753000 	C:\WINDOWS\SYSTEM32\DEVOBJ.dll
0x00007fff32650000 - 0x00007fff3267f000 	C:\WINDOWS\SYSTEM32\dwmapi.dll
0x00007fff27230000 - 0x00007fff27382000 	C:\WINDOWS\SYSTEM32\inputhost.dll
0x00007fff363d0000 - 0x00007fff3649d000 	C:\WINDOWS\System32\OLEAUT32.dll
0x00007fff31e70000 - 0x00007fff31f62000 	C:\WINDOWS\SYSTEM32\CoreMessaging.dll
0x00007fff31430000 - 0x00007fff31585000 	C:\WINDOWS\SYSTEM32\wintypes.dll
0x00007fff30390000 - 0x00007fff30486000 	C:\WINDOWS\SYSTEM32\PROPSYS.dll
0x00007fff350f0000 - 0x00007fff35172000 	C:\WINDOWS\System32\bcryptPrimitives.dll
0x00007fff31b10000 - 0x00007fff31e6b000 	C:\WINDOWS\SYSTEM32\CoreUIComponents.dll
0x00007fff33ad0000 - 0x00007fff33b03000 	C:\WINDOWS\SYSTEM32\ntmarta.dll
0x00007fff32360000 - 0x00007fff323fe000 	C:\WINDOWS\system32\uxtheme.dll
0x00007fff362b0000 - 0x00007fff363c4000 	C:\WINDOWS\System32\MSCTF.dll
0x00007fff0f860000 - 0x00007fff0f985000 	C:\WINDOWS\SYSTEM32\opengl32.dll
0x00007fff156c0000 - 0x00007fff156ec000 	C:\WINDOWS\SYSTEM32\GLU32.dll
0x00007fff365f0000 - 0x00007fff36699000 	C:\WINDOWS\System32\clbcatq.dll
0x00007fff218c0000 - 0x00007fff218ed000 	C:\WINDOWS\System32\DriverStore\FileRepository\u0395307.inf_amd64_04945749e6d18630\B395312\atig6pxx.dll
0x00007ffebd180000 - 0x00007ffec1820000 	C:\WINDOWS\System32\DriverStore\FileRepository\u0395307.inf_amd64_04945749e6d18630\B395312\atio6axx.dll
0x00007fff35310000 - 0x00007fff3577e000 	C:\WINDOWS\System32\SETUPAPI.dll
0x00007fff34a90000 - 0x00007fff34ab7000 	C:\WINDOWS\System32\bcrypt.dll
0x00007fff289d0000 - 0x00007fff28a05000 	C:\WINDOWS\SYSTEM32\amdihk64.dll
0x00007fff35180000 - 0x00007fff351e7000 	C:\WINDOWS\System32\WINTRUST.dll
0x00007fff34ac0000 - 0x00007fff34c1d000 	C:\WINDOWS\System32\CRYPT32.dll
0x00007fff346c0000 - 0x00007fff346d2000 	C:\WINDOWS\SYSTEM32\MSASN1.dll
0x00007fff250b0000 - 0x00007fff251aa000 	C:\WINDOWS\SYSTEM32\textinputframework.dll
0x00007fff0d900000 - 0x00007fff0d95d000 	C:\Users\kettl\AppData\Local\Temp\lwjglkettl\3.3.1-build-7\lwjgl_opengl.dll
0x00007ffed7be0000 - 0x00007ffed7e39000 	C:\Users\kettl\AppData\Local\Temp\lwjglkettl\3.3.1-build-7\jemalloc.dll
0x00007fff2d1e0000 - 0x00007fff2d3c4000 	C:\WINDOWS\SYSTEM32\dbghelp.dll

VM Arguments:
jvm_args: -agentlib:jdwp=transport=dt_shmem,address=javadebug,suspend=y,server=n -javaagent:C:\Users\kettl\AppData\Local\JetBrains\IdeaIC2021.1\captureAgent\debugger-agent.jar -agentpath:C:\Users\kettl\AppData\Local\Temp\memory_agent.dll= -Dfile.encoding=UTF-8 
java_command: reghzy.juigl.Main
java_class_path (initial): C:\Program Files\Java\jdk1.8.0_341\jre\lib\charsets.jar;C:\Program Files\Java\jdk1.8.0_341\jre\lib\deploy.jar;C:\Program Files\Java\jdk1.8.0_341\jre\lib\ext\access-bridge-64.jar;C:\Program Files\Java\jdk1.8.0_341\jre\lib\ext\cldrdata.jar;C:\Program Files\Java\jdk1.8.0_341\jre\lib\ext\dnsns.jar;C:\Program Files\Java\jdk1.8.0_341\jre\lib\ext\jaccess.jar;C:\Program Files\Java\jdk1.8.0_341\jre\lib\ext\jfxrt.jar;C:\Program Files\Java\jdk1.8.0_341\jre\lib\ext\localedata.jar;C:\Program Files\Java\jdk1.8.0_341\jre\lib\ext\nashorn.jar;C:\Program Files\Java\jdk1.8.0_341\jre\lib\ext\sunec.jar;C:\Program Files\Java\jdk1.8.0_341\jre\lib\ext\sunjce_provider.jar;C:\Program Files\Java\jdk1.8.0_341\jre\lib\ext\sunmscapi.jar;C:\Program Files\Java\jdk1.8.0_341\jre\lib\ext\sunpkcs11.jar;C:\Program Files\Java\jdk1.8.0_341\jre\lib\ext\zipfs.jar;C:\Program Files\Java\jdk1.8.0_341\jre\lib\javaws.jar;C:\Program Files\Java\jdk1.8.0_341\jre\lib\jce.jar;C:\Program Files\Java\jdk1.8.0_341\jre\lib\jfr.jar;C:\Program Files\Java\jdk1.8.0_341\jre\lib\jfxswt.jar;C:\Program Files\Java\jdk1.8.0_341\jre\lib\jsse.jar;C:\Program Files\Java\jdk1.8.0_341\jre\lib\management-agent.jar;C:\Program Files\Java\jdk1.8.0_341\jre\lib\plugin.jar;C:\Program Files\Java\jdk1.8.0_341\jre\lib\resources.jar;C:\Program Files\Java\jdk1.8.0_341\jre\lib\rt.jar;F:\IJProjects\JUIGL\out\production\JUIGL;C:\OpenGL\lwjgl-3.3.1\lwjgl.jar;C:\OpenGL\lwjgl-3.3.1\lwjgl-egl.jar;C:\OpenGL\lwjgl-3.3.1\lwjgl-lz4.jar;C:\OpenGL\lwjgl-3.3.1\lwjgl-nfd.jar;C:\OpenGL\lwjgl-3.3.1\lwjgl-ovr.jar;C:\OpenGL\lwjgl-3.3.1\lwjgl-par.jar;C:\OpenGL\lwjgl-3.3.1\lwjgl-sse.jar;C:\OpenGL\lwjgl-3.3.1\lwjgl-stb.jar;C:\OpenGL\lwjgl-3.3.1\lwjgl-vma.jar;C:\OpenGL\lwjgl-3.3.1\lwjgl-bgfx.jar;C:\OpenGL\lwjgl-3.3.1\lwjgl-cuda.jar;C:\OpenGL\lwjgl-3.3.1\lwjgl-glfw.jar;C:\OpenGL\lwjgl-3.3.1\lwjgl-jawt.jar;C:\OpenGL\lwjgl-3.3.1\lwjgl-llvm.jar;C:\OpenGL\lwjgl-3.3.1\lwjgl-lmdb.jar;C:\OpenGL\lwjgl-3.3.1\lwjgl-meow.jar;C:\OpenGL\lwjgl-3.3.1\lwjgl-o
Launcher Type: SUN_STANDARD

Environment Variables:
PATH=C:\Program Files (x86)\Common Files\Intel\Shared Libraries\redist\intel64_win\compiler;C:\Program Files\Java\jdk1.8.0_341\bin;C:\WINDOWS\system32;C:\WINDOWS;C:\WINDOWS\System32\Wbem;C:\WINDOWS\System32\WindowsPowerShell\v1.0\;C:\WINDOWS\System32\OpenSSH\;C:\Program Files\Git\cmd;C:\Program Files (x86)\Windows Kits\10\Windows Performance Toolkit\;D:\Qt\5.15.2\msvc2019_64;D:\Qt\5.15.2\msvc2019_64\lib;D:\Qt\5.15.2\msvc2019_64\lib\cmake;D:\Qt\5.15.2\msvc2019_64\bin;C:\Program Files (x86)\GnuWin32\bin;C:\Program Files\CMake\bin;D:\vcpkg;C:\Users\kettl;C:\Program Files\dotnet\;C:\Users\kettl\AppData\Local\Programs\Python\Python311\Scripts\;C:\Users\kettl\AppData\Local\Programs\Python\Python311\;C:\Users\kettl\AppData\Local\Microsoft\WindowsApps;C:\Users\kettl\AppData\Local\Programs\Microsoft VS Code\bin;C:\Users\kettl;C:\Users\kettl\.dotnet\tools
USERNAME=kettl
OS=Windows_NT
PROCESSOR_IDENTIFIER=AMD64 Family 23 Model 8 Stepping 2, AuthenticAMD



---------------  S Y S T E M  ---------------

OS: Windows 10 , 64 bit Build 19041 (10.0.19041.3636)

CPU:total 12 (initial active 12) (12 cores per cpu, 1 threads per core) family 23 model 8 stepping 2, cmov, cx8, fxsr, mmx, sse, sse2, sse3, ssse3, sse4.1, sse4.2, popcnt, avx, avx2, aes, clmul, mmxext, 3dnowpref, lzcnt, sse4a, tsc, tscinvbit, tscinv, bmi1

Memory: 4k page, physical 16727368k(3662528k free), swap 71253320k(50702180k free)

vm_info: Java HotSpot(TM) 64-Bit Server VM (25.341-b10) for windows-amd64 JRE (1.8.0_341-b10), built on Jun 16 2022 15:51:07 by "java_re" with MS VC++ 15.9 (VS2017)

time: Wed Dec  6 08:01:32 2023
timezone: GMT Standard Time
elapsed time: 0.686918 seconds (0d 0h 0m 0s)

