#
# A fatal error has been detected by the Java Runtime Environment:
#
#  EXCEPTION_ACCESS_VIOLATION (0xc0000005) at pc=0x00007fff0d53c42a, pid=20412, tid=0x0000000000000ecc
#
# JRE version: Java(TM) SE Runtime Environment (8.0_341-b10) (build 1.8.0_341-b10)
# Java VM: Java HotSpot(TM) 64-Bit Server VM (25.341-b10 mixed mode windows-amd64 compressed oops)
# Problematic frame:
# C  [lwjgl_opengl.dll+0xc42a]
#
# Failed to write core dump. Minidumps are not enabled by default on client versions of Windows
#
# If you would like to submit a bug report, please visit:
#   http://bugreport.java.com/bugreport/crash.jsp
# The crash happened outside the Java Virtual Machine in native code.
# See problematic frame for where to report the bug.
#

---------------  T H R E A D  ---------------

Current thread (0x000001ee02094800):  JavaThread "main" [_thread_in_native, id=3788, stack(0x000000c58a800000,0x000000c58a900000)]

siginfo: ExceptionCode=0xc0000005, reading address 0x0000000000000000

Registers:
RAX=0x000001ee1fa196e0, RBX=0x000001ee1c960fc0, RCX=0x000000000000809d, RDX=0x0000000000000000
RSP=0x000000c58a8ff2b8, RBP=0x000000c58a8ff330, RSI=0x0000000000000001, RDI=0x000001ee03ae84bd
R8 =0x000000000000809d, R9 =0x0000000000000004, R10=0x000001ee03b046bb, R11=0x0000000050f0a790
R12=0x0000000000000000, R13=0x000001ee1c960fb8, R14=0x000000c58a8ff350, R15=0x000001ee02094800
RIP=0x00007fff0d53c42a, EFLAGS=0x0000000000010206

Top of Stack: (sp=0x000000c58a8ff2b8)
0x000000c58a8ff2b8:   000001ee03b046e7 000001ee1c960fc0
0x000000c58a8ff2c8:   0000000000000001 0000000000000001
0x000000c58a8ff2d8:   000001ee02094800 000000c58a8ff3a8
0x000000c58a8ff2e8:   000001ee03b04192 000000c58a8ff2f0
0x000000c58a8ff2f8:   000001ee1c960fb8 000000c58a8ff350
0x000000c58a8ff308:   000001ee1c96c548 0000000000000000
0x000000c58a8ff318:   000001ee1c960fc0 0000000000000000
0x000000c58a8ff328:   000000c58a8ff350 000000c58a8ff398
0x000000c58a8ff338:   000001ee03ae84bd 000000076c08cdf8
0x000000c58a8ff348:   000001ee03af9778 000000000000809d
0x000000c58a8ff358:   000000c58a8ff358 000001ee1c91bc59
0x000000c58a8ff368:   000000c58a8ff3a8 000001ee1c9475f0
0x000000c58a8ff378:   0000000000000000 000001ee1c91bc80
0x000000c58a8ff388:   000000c58a8ff350 000000c58a8ff3a8
0x000000c58a8ff398:   000000c58a8ff3f0 000001ee03ae84bd
0x000000c58a8ff3a8:   000000000000809d 000000c58a8ff3b0 

Instructions: (pc=0x00007fff0d53c42a)
0x00007fff0d53c40a:   18 5b 49 ff a2 70 0a 00 00 cc cc cc cc cc cc cc
0x00007fff0d53c41a:   cc cc cc cc cc cc 48 8b 01 41 8b c8 48 8b 50 18
0x00007fff0d53c42a:   48 ff 22 cc cc cc 48 8b 01 41 8b c8 48 8b 50 18
0x00007fff0d53c43a:   48 ff 62 08 cc cc 48 8b 01 41 8b d1 41 8b c8 4c 


Register to memory mapping:

RAX=0x000001ee1fa196e0 is an unknown value
RBX={method} {0x000001ee1c960fc8} 'glEnable' '(I)V' in 'org/lwjgl/opengl/GL11C'
RCX=0x000000000000809d is an unknown value
RDX=0x0000000000000000 is an unknown value
RSP=0x000000c58a8ff2b8 is pointing into the stack for thread: 0x000001ee02094800
RBP=0x000000c58a8ff330 is pointing into the stack for thread: 0x000001ee02094800
RSI=0x0000000000000001 is an unknown value
RDI=0x000001ee03ae84bd is at code_begin+2301 in an Interpreter codelet
invoke return entry points  [0x000001ee03ae7bc0, 0x000001ee03ae85a0]  2528 bytes
R8 =0x000000000000809d is an unknown value
R9 =0x0000000000000004 is an unknown value
R10=0x000001ee03b046bb is at code_begin+1915 in an Interpreter codelet
method entry point (kind = native)  [0x000001ee03b03f40, 0x000001ee03b05220]  4832 bytes
R11=0x0000000050f0a790 is an unknown value
R12=0x0000000000000000 is an unknown value
R13=0x000001ee1c960fb8 is pointing into metadata
R14=0x000000c58a8ff350 is pointing into the stack for thread: 0x000001ee02094800
R15=0x000001ee02094800 is a thread


Stack: [0x000000c58a800000,0x000000c58a900000],  sp=0x000000c58a8ff2b8,  free space=1020k
Native frames: (J=compiled Java code, j=interpreted, Vv=VM code, C=native code)
C  [lwjgl_opengl.dll+0xc42a]

Java frames: (J=compiled Java code, j=interpreted, Vv=VM code)
j  org.lwjgl.opengl.GL11C.glEnable(I)V+0
j  org.lwjgl.opengl.GL11.glEnable(I)V+1
j  reghzy.juigl.Main.main([Ljava/lang/String;)V+57
v  ~StubRoutines::call_stub

---------------  P R O C E S S  ---------------

Java Threads: ( => current thread )
  0x000001ee1fa4c800 JavaThread "Service Thread" daemon [_thread_blocked, id=16648, stack(0x000000c58bf00000,0x000000c58c000000)]
  0x000001ee1f9a1800 JavaThread "C1 CompilerThread3" daemon [_thread_blocked, id=18452, stack(0x000000c58be00000,0x000000c58bf00000)]
  0x000001ee1f9a1000 JavaThread "C2 CompilerThread2" daemon [_thread_blocked, id=15640, stack(0x000000c58bd00000,0x000000c58be00000)]
  0x000001ee1f9a0000 JavaThread "C2 CompilerThread1" daemon [_thread_blocked, id=11192, stack(0x000000c58bc00000,0x000000c58bd00000)]
  0x000001ee1f99f800 JavaThread "C2 CompilerThread0" daemon [_thread_blocked, id=12516, stack(0x000000c58bb00000,0x000000c58bc00000)]
  0x000001ee1f39c000 JavaThread "JDWP Command Reader" daemon [_thread_in_native, id=12340, stack(0x000000c58ba00000,0x000000c58bb00000)]
  0x000001ee1f399000 JavaThread "JDWP Event Helper Thread" daemon [_thread_blocked, id=7356, stack(0x000000c58b900000,0x000000c58ba00000)]
  0x000001ee1d078800 JavaThread "JDWP Transport Listener: dt_shmem" daemon [_thread_blocked, id=17468, stack(0x000000c58b800000,0x000000c58b900000)]
  0x000001ee1d069800 JavaThread "Attach Listener" daemon [_thread_blocked, id=7064, stack(0x000000c58b700000,0x000000c58b800000)]
  0x000001ee1d068800 JavaThread "Signal Dispatcher" daemon [_thread_blocked, id=11964, stack(0x000000c58b600000,0x000000c58b700000)]
  0x000001ee1d040000 JavaThread "Finalizer" daemon [_thread_blocked, id=10436, stack(0x000000c58b500000,0x000000c58b600000)]
  0x000001ee1d039000 JavaThread "Reference Handler" daemon [_thread_blocked, id=19692, stack(0x000000c58b400000,0x000000c58b500000)]
=>0x000001ee02094800 JavaThread "main" [_thread_in_native, id=3788, stack(0x000000c58a800000,0x000000c58a900000)]

Other Threads:
  0x000001ee1d010000 VMThread [stack: 0x000000c58b300000,0x000000c58b400000] [id=7700]
  0x000001ee1fad9800 WatcherThread [stack: 0x000000c58c000000,0x000000c58c100000] [id=10048]

VM state:not at safepoint (normal execution)

VM Mutex/Monitor currently owned by a thread: None

heap address: 0x00000006c0c00000, size: 4084 MB, Compressed Oops mode: Zero based, Oop shift amount: 3
Narrow klass base: 0x0000000000000000, Narrow klass shift: 3
Compressed class space size: 1073741824 Address: 0x00000007c0000000

Heap:
 PSYoungGen      total 76288K, used 18439K [0x000000076af00000, 0x0000000770400000, 0x00000007c0000000)
  eden space 65536K, 28% used [0x000000076af00000,0x000000076c101c68,0x000000076ef00000)
  from space 10752K, 0% used [0x000000076f980000,0x000000076f980000,0x0000000770400000)
  to   space 10752K, 0% used [0x000000076ef00000,0x000000076ef00000,0x000000076f980000)
 ParOldGen       total 175104K, used 0K [0x00000006c0c00000, 0x00000006cb700000, 0x000000076af00000)
  object space 175104K, 0% used [0x00000006c0c00000,0x00000006c0c00000,0x00000006cb700000)
 Metaspace       used 6503K, capacity 6742K, committed 7040K, reserved 1056768K
  class space    used 683K, capacity 790K, committed 896K, reserved 1048576K

Card table byte_map: [0x000001ee12ea0000,0x000001ee136a0000] byte_map_base: 0x000001ee0f89a000

Marking Bits: (ParMarkBitMap*) 0x00000000514c9030
 Begin Bits: [0x000001ee13c00000, 0x000001ee17bd0000)
 End Bits:   [0x000001ee17bd0000, 0x000001ee1bba0000)

Polling page: 0x000001ee02030000

CodeCache: size=245760Kb used=1548Kb max_used=1548Kb free=244211Kb
 bounds [0x000001ee03ae0000, 0x000001ee03d50000, 0x000001ee12ae0000]
 total_blobs=965 nmethods=124 adapters=763
 compilation: enabled

Compilation events (10 events):
Event: 0.324 Thread 0x000001ee1f9a1800   55       3       java.util.ArrayList::elementData (7 bytes)
Event: 0.324 Thread 0x000001ee1f9a1800 nmethod 55 0x000001ee03c06110 code [0x000001ee03c06260, 0x000001ee03c063f8]
Event: 0.324 Thread 0x000001ee1f9a1800   37       3       java.util.Arrays::copyOf (19 bytes)
Event: 0.324 Thread 0x000001ee1f9a1800 nmethod 37 0x000001ee03bfd490 code [0x000001ee03bfd600, 0x000001ee03bfd950]
Event: 0.324 Thread 0x000001ee1f9a1800   56       3       java.util.Arrays::copyOf (19 bytes)
Event: 0.324 Thread 0x000001ee1f9a1800 nmethod 56 0x000001ee03c09790 code [0x000001ee03c09900, 0x000001ee03c09c50]
Event: 0.324 Thread 0x000001ee1f9a1800   46       3       java.lang.Math::max (11 bytes)
Event: 0.324 Thread 0x000001ee1f9a1800 nmethod 46 0x000001ee03c00010 code [0x000001ee03c00160, 0x000001ee03c002f8]
Event: 0.324 Thread 0x000001ee1f9a1800   51       1       java.net.URL::getUserInfo (5 bytes)
Event: 0.324 Thread 0x000001ee1f9a1800 nmethod 51 0x000001ee03bf4d10 code [0x000001ee03bf4e60, 0x000001ee03bf4f78]

GC Heap History (0 events):
No events

Deoptimization events (0 events):
No events

Classes redefined (0 events):
No events

Internal exceptions (10 events):
Event: 5.060 Thread 0x000001ee02094800 Exception <a 'sun/nio/fs/WindowsException'> (0x000000076bca2468) thrown at [C:\jenkins\workspace\8-2-build-windows-x64-cygwin\jdk8u341\2692\hotspot\src\share\vm\prims\jni.cpp, line 710]
Event: 5.060 Thread 0x000001ee02094800 Exception <a 'sun/nio/fs/WindowsException'> (0x000000076bca5130) thrown at [C:\jenkins\workspace\8-2-build-windows-x64-cygwin\jdk8u341\2692\hotspot\src\share\vm\prims\jni.cpp, line 710]
Event: 5.290 Thread 0x000001ee02094800 Exception <a 'sun/nio/fs/WindowsException'> (0x000000076bd6cc88) thrown at [C:\jenkins\workspace\8-2-build-windows-x64-cygwin\jdk8u341\2692\hotspot\src\share\vm\prims\jni.cpp, line 710]
Event: 5.291 Thread 0x000001ee02094800 Exception <a 'sun/nio/fs/WindowsException'> (0x000000076bd6d358) thrown at [C:\jenkins\workspace\8-2-build-windows-x64-cygwin\jdk8u341\2692\hotspot\src\share\vm\prims\jni.cpp, line 710]
Event: 14.024 Thread 0x000001ee02094800 Exception <a 'sun/nio/fs/WindowsException'> (0x000000076bfc3910) thrown at [C:\jenkins\workspace\8-2-build-windows-x64-cygwin\jdk8u341\2692\hotspot\src\share\vm\prims\jni.cpp, line 710]
Event: 14.025 Thread 0x000001ee02094800 Exception <a 'sun/nio/fs/WindowsException'> (0x000000076bfc4048) thrown at [C:\jenkins\workspace\8-2-build-windows-x64-cygwin\jdk8u341\2692\hotspot\src\share\vm\prims\jni.cpp, line 710]
Event: 14.110 Thread 0x000001ee02094800 Exception <a 'sun/nio/fs/WindowsException'> (0x000000076bfdd328) thrown at [C:\jenkins\workspace\8-2-build-windows-x64-cygwin\jdk8u341\2692\hotspot\src\share\vm\prims\jni.cpp, line 710]
Event: 14.110 Thread 0x000001ee02094800 Exception <a 'sun/nio/fs/WindowsException'> (0x000000076bfdd918) thrown at [C:\jenkins\workspace\8-2-build-windows-x64-cygwin\jdk8u341\2692\hotspot\src\share\vm\prims\jni.cpp, line 710]
Event: 14.268 Thread 0x000001ee02094800 Exception <a 'sun/nio/fs/WindowsException'> (0x000000076c02deb8) thrown at [C:\jenkins\workspace\8-2-build-windows-x64-cygwin\jdk8u341\2692\hotspot\src\share\vm\prims\jni.cpp, line 710]
Event: 14.268 Thread 0x000001ee02094800 Exception <a 'sun/nio/fs/WindowsException'> (0x000000076c02e7c0) thrown at [C:\jenkins\workspace\8-2-build-windows-x64-cygwin\jdk8u341\2692\hotspot\src\share\vm\prims\jni.cpp, line 710]

Events (10 events):
Event: 14.306 loading class org/lwjgl/system/jemalloc/JEmalloc$Functions
Event: 14.306 loading class org/lwjgl/system/jemalloc/JEmalloc$Functions done
Event: 14.334 loading class org/lwjgl/opengl/GL$1
Event: 14.334 loading class org/lwjgl/opengl/GL$1 done
Event: 14.348 loading class org/lwjgl/system/SharedLibrary$Delegate
Event: 14.348 loading class org/lwjgl/system/SharedLibrary$Delegate done
Event: 14.378 Executing VM operation: ChangeSingleStep
Event: 14.378 Executing VM operation: ChangeSingleStep done
Event: 14.379 loading class org/lwjgl/opengl/GL11C
Event: 14.379 loading class org/lwjgl/opengl/GL11C done


Dynamic libraries:
0x00007ff7d3240000 - 0x00007ff7d3287000 	C:\Program Files\Java\jdk1.8.0_341\bin\java.exe
0x00007fff372b0000 - 0x00007fff374a8000 	C:\WINDOWS\SYSTEM32\ntdll.dll
0x00007fff361c0000 - 0x00007fff3627d000 	C:\WINDOWS\System32\KERNEL32.DLL
0x00007fff34cd0000 - 0x00007fff34fc6000 	C:\WINDOWS\System32\KERNELBASE.dll
0x00007fff35e70000 - 0x00007fff35f1f000 	C:\WINDOWS\System32\ADVAPI32.dll
0x00007fff35db0000 - 0x00007fff35e4e000 	C:\WINDOWS\System32\msvcrt.dll
0x00007fff36550000 - 0x00007fff365ec000 	C:\WINDOWS\System32\sechost.dll
0x00007fff37040000 - 0x00007fff37166000 	C:\WINDOWS\System32\RPCRT4.dll
0x00007fff36730000 - 0x00007fff368ce000 	C:\WINDOWS\System32\USER32.dll
0x00007fff35290000 - 0x00007fff352b2000 	C:\WINDOWS\System32\win32u.dll
0x00007fff371e0000 - 0x00007fff3720c000 	C:\WINDOWS\System32\GDI32.dll
0x00007fff34fd0000 - 0x00007fff350ea000 	C:\WINDOWS\System32\gdi32full.dll
0x00007fff351f0000 - 0x00007fff3528d000 	C:\WINDOWS\System32\msvcp_win.dll
0x00007fff34990000 - 0x00007fff34a90000 	C:\WINDOWS\System32\ucrtbase.dll
0x00007fff21a10000 - 0x00007fff21caa000 	C:\WINDOWS\WinSxS\amd64_microsoft.windows.common-controls_6595b64144ccf1df_6.0.19041.3636_none_60b6a03d71f818d5\COMCTL32.dll
0x00007fff36280000 - 0x00007fff362b0000 	C:\WINDOWS\System32\IMM32.DLL
0x00007fff20c20000 - 0x00007fff20c35000 	C:\Program Files\Java\jdk1.8.0_341\jre\bin\vcruntime140.dll
0x00007fff0d590000 - 0x00007fff0d62b000 	C:\Program Files\Java\jdk1.8.0_341\jre\bin\msvcp140.dll
0x0000000050ce0000 - 0x0000000051541000 	C:\Program Files\Java\jdk1.8.0_341\jre\bin\server\jvm.dll
0x00007fff35e60000 - 0x00007fff35e68000 	C:\WINDOWS\System32\PSAPI.DLL
0x00007fff2bcf0000 - 0x00007fff2bcfa000 	C:\WINDOWS\SYSTEM32\VERSION.dll
0x00007fff2ae40000 - 0x00007fff2ae67000 	C:\WINDOWS\SYSTEM32\WINMM.dll
0x00007fff320e0000 - 0x00007fff320e9000 	C:\WINDOWS\SYSTEM32\WSOCK32.dll
0x00007fff37170000 - 0x00007fff371db000 	C:\WINDOWS\System32\WS2_32.dll
0x00007fff32830000 - 0x00007fff32842000 	C:\WINDOWS\SYSTEM32\kernel.appcore.dll
0x00007fff2fef0000 - 0x00007fff2ff00000 	C:\Program Files\Java\jdk1.8.0_341\jre\bin\verify.dll
0x00007fff10c40000 - 0x00007fff10c6b000 	C:\Program Files\Java\jdk1.8.0_341\jre\bin\java.dll
0x00007fff10c70000 - 0x00007fff10ca6000 	C:\Program Files\Java\jdk1.8.0_341\jre\bin\jdwp.dll
0x00007fff28240000 - 0x00007fff28249000 	C:\Program Files\Java\jdk1.8.0_341\jre\bin\npt.dll
0x00007fff20c40000 - 0x00007fff20c70000 	C:\Program Files\Java\jdk1.8.0_341\jre\bin\instrument.dll
0x00007fff0f490000 - 0x00007fff0f4f4000 	C:\Users\kettl\AppData\Local\Temp\memory_agent.dll
0x00007fff20c00000 - 0x00007fff20c18000 	C:\Program Files\Java\jdk1.8.0_341\jre\bin\zip.dll
0x00007fff368d0000 - 0x00007fff37014000 	C:\WINDOWS\System32\SHELL32.dll
0x00007fff32a30000 - 0x00007fff331cb000 	C:\WINDOWS\SYSTEM32\windows.storage.dll
0x00007fff357e0000 - 0x00007fff35b34000 	C:\WINDOWS\System32\combase.dll
0x00007fff342f0000 - 0x00007fff3431d000 	C:\WINDOWS\SYSTEM32\Wldp.dll
0x00007fff364a0000 - 0x00007fff3654d000 	C:\WINDOWS\System32\SHCORE.dll
0x00007fff37210000 - 0x00007fff37265000 	C:\WINDOWS\System32\shlwapi.dll
0x00007fff348c0000 - 0x00007fff348e5000 	C:\WINDOWS\SYSTEM32\profapi.dll
0x00007fff208e0000 - 0x00007fff208eb000 	C:\Program Files\Java\jdk1.8.0_341\jre\bin\dt_shmem.dll
0x00007fff205f0000 - 0x00007fff2060c000 	C:\Program Files\Java\jdk1.8.0_341\jre\bin\net.dll
0x00007fff340d0000 - 0x00007fff3413a000 	C:\WINDOWS\system32\mswsock.dll
0x00007fff20470000 - 0x00007fff20483000 	C:\Program Files\Java\jdk1.8.0_341\jre\bin\nio.dll
0x00007fff0d8e0000 - 0x00007fff0d955000 	C:\Users\kettl\AppData\Local\Temp\lwjglkettl\3.3.1-build-7\lwjgl.dll
0x00007fff0d870000 - 0x00007fff0d8d1000 	C:\Users\kettl\AppData\Local\Temp\lwjglkettl\3.3.1-build-7\glfw.dll
0x00007fff0d820000 - 0x00007fff0d865000 	C:\WINDOWS\SYSTEM32\dinput8.dll
0x00007fff12f80000 - 0x00007fff12f91000 	C:\WINDOWS\SYSTEM32\xinput1_4.dll
0x00007fff352c0000 - 0x00007fff3530e000 	C:\WINDOWS\System32\cfgmgr32.dll
0x00007fff34720000 - 0x00007fff34753000 	C:\WINDOWS\SYSTEM32\DEVOBJ.dll
0x00007fff32650000 - 0x00007fff3267f000 	C:\WINDOWS\SYSTEM32\dwmapi.dll
0x00007fff27230000 - 0x00007fff27382000 	C:\WINDOWS\SYSTEM32\inputhost.dll
0x00007fff363d0000 - 0x00007fff3649d000 	C:\WINDOWS\System32\OLEAUT32.dll
0x00007fff31e70000 - 0x00007fff31f62000 	C:\WINDOWS\SYSTEM32\CoreMessaging.dll
0x00007fff31430000 - 0x00007fff31585000 	C:\WINDOWS\SYSTEM32\wintypes.dll
0x00007fff30390000 - 0x00007fff30486000 	C:\WINDOWS\SYSTEM32\PROPSYS.dll
0x00007fff31b10000 - 0x00007fff31e6b000 	C:\WINDOWS\SYSTEM32\CoreUIComponents.dll
0x00007fff350f0000 - 0x00007fff35172000 	C:\WINDOWS\System32\bcryptPrimitives.dll
0x00007fff33ad0000 - 0x00007fff33b03000 	C:\WINDOWS\SYSTEM32\ntmarta.dll
0x00007fff32360000 - 0x00007fff323fe000 	C:\WINDOWS\system32\uxtheme.dll
0x00007fff362b0000 - 0x00007fff363c4000 	C:\WINDOWS\System32\MSCTF.dll
0x00007fff0f860000 - 0x00007fff0f985000 	C:\WINDOWS\SYSTEM32\opengl32.dll
0x00007fff156c0000 - 0x00007fff156ec000 	C:\WINDOWS\SYSTEM32\GLU32.dll
0x00007fff365f0000 - 0x00007fff36699000 	C:\WINDOWS\System32\clbcatq.dll
0x00007fff218c0000 - 0x00007fff218ed000 	C:\WINDOWS\System32\DriverStore\FileRepository\u0395307.inf_amd64_04945749e6d18630\B395312\atig6pxx.dll
0x00007ffebd180000 - 0x00007ffec1820000 	C:\WINDOWS\System32\DriverStore\FileRepository\u0395307.inf_amd64_04945749e6d18630\B395312\atio6axx.dll
0x00007fff35310000 - 0x00007fff3577e000 	C:\WINDOWS\System32\SETUPAPI.dll
0x00007fff34a90000 - 0x00007fff34ab7000 	C:\WINDOWS\System32\bcrypt.dll
0x00007fff289d0000 - 0x00007fff28a05000 	C:\WINDOWS\SYSTEM32\amdihk64.dll
0x00007fff35180000 - 0x00007fff351e7000 	C:\WINDOWS\System32\WINTRUST.dll
0x00007fff34ac0000 - 0x00007fff34c1d000 	C:\WINDOWS\System32\CRYPT32.dll
0x00007fff346c0000 - 0x00007fff346d2000 	C:\WINDOWS\SYSTEM32\MSASN1.dll
0x00007fff250b0000 - 0x00007fff251aa000 	C:\WINDOWS\SYSTEM32\textinputframework.dll
0x00007fff0d530000 - 0x00007fff0d58d000 	C:\Users\kettl\AppData\Local\Temp\lwjglkettl\3.3.1-build-7\lwjgl_opengl.dll
0x00007ffed6910000 - 0x00007ffed6b69000 	C:\Users\kettl\AppData\Local\Temp\lwjglkettl\3.3.1-build-7\jemalloc.dll
0x00007fff2d1e0000 - 0x00007fff2d3c4000 	C:\WINDOWS\SYSTEM32\dbghelp.dll

VM Arguments:
jvm_args: -agentlib:jdwp=transport=dt_shmem,address=javadebug,suspend=y,server=n -javaagent:C:\Users\kettl\AppData\Local\JetBrains\IdeaIC2021.1\captureAgent\debugger-agent.jar -agentpath:C:\Users\kettl\AppData\Local\Temp\memory_agent.dll= -Dfile.encoding=UTF-8 
java_command: reghzy.juigl.Main
java_class_path (initial): C:\Program Files\Java\jdk1.8.0_341\jre\lib\charsets.jar;C:\Program Files\Java\jdk1.8.0_341\jre\lib\deploy.jar;C:\Program Files\Java\jdk1.8.0_341\jre\lib\ext\access-bridge-64.jar;C:\Program Files\Java\jdk1.8.0_341\jre\lib\ext\cldrdata.jar;C:\Program Files\Java\jdk1.8.0_341\jre\lib\ext\dnsns.jar;C:\Program Files\Java\jdk1.8.0_341\jre\lib\ext\jaccess.jar;C:\Program Files\Java\jdk1.8.0_341\jre\lib\ext\jfxrt.jar;C:\Program Files\Java\jdk1.8.0_341\jre\lib\ext\localedata.jar;C:\Program Files\Java\jdk1.8.0_341\jre\lib\ext\nashorn.jar;C:\Program Files\Java\jdk1.8.0_341\jre\lib\ext\sunec.jar;C:\Program Files\Java\jdk1.8.0_341\jre\lib\ext\sunjce_provider.jar;C:\Program Files\Java\jdk1.8.0_341\jre\lib\ext\sunmscapi.jar;C:\Program Files\Java\jdk1.8.0_341\jre\lib\ext\sunpkcs11.jar;C:\Program Files\Java\jdk1.8.0_341\jre\lib\ext\zipfs.jar;C:\Program Files\Java\jdk1.8.0_341\jre\lib\javaws.jar;C:\Program Files\Java\jdk1.8.0_341\jre\lib\jce.jar;C:\Program Files\Java\jdk1.8.0_341\jre\lib\jfr.jar;C:\Program Files\Java\jdk1.8.0_341\jre\lib\jfxswt.jar;C:\Program Files\Java\jdk1.8.0_341\jre\lib\jsse.jar;C:\Program Files\Java\jdk1.8.0_341\jre\lib\management-agent.jar;C:\Program Files\Java\jdk1.8.0_341\jre\lib\plugin.jar;C:\Program Files\Java\jdk1.8.0_341\jre\lib\resources.jar;C:\Program Files\Java\jdk1.8.0_341\jre\lib\rt.jar;F:\IJProjects\JUIGL\out\production\JUIGL;C:\OpenGL\lwjgl-3.3.1\lwjgl.jar;C:\OpenGL\lwjgl-3.3.1\lwjgl-egl.jar;C:\OpenGL\lwjgl-3.3.1\lwjgl-lz4.jar;C:\OpenGL\lwjgl-3.3.1\lwjgl-nfd.jar;C:\OpenGL\lwjgl-3.3.1\lwjgl-ovr.jar;C:\OpenGL\lwjgl-3.3.1\lwjgl-par.jar;C:\OpenGL\lwjgl-3.3.1\lwjgl-sse.jar;C:\OpenGL\lwjgl-3.3.1\lwjgl-stb.jar;C:\OpenGL\lwjgl-3.3.1\lwjgl-vma.jar;C:\OpenGL\lwjgl-3.3.1\lwjgl-bgfx.jar;C:\OpenGL\lwjgl-3.3.1\lwjgl-cuda.jar;C:\OpenGL\lwjgl-3.3.1\lwjgl-glfw.jar;C:\OpenGL\lwjgl-3.3.1\lwjgl-jawt.jar;C:\OpenGL\lwjgl-3.3.1\lwjgl-llvm.jar;C:\OpenGL\lwjgl-3.3.1\lwjgl-lmdb.jar;C:\OpenGL\lwjgl-3.3.1\lwjgl-meow.jar;C:\OpenGL\lwjgl-3.3.1\lwjgl-o
Launcher Type: SUN_STANDARD

Environment Variables:
PATH=C:\Program Files (x86)\Common Files\Intel\Shared Libraries\redist\intel64_win\compiler;C:\Program Files\Java\jdk1.8.0_341\bin;C:\WINDOWS\system32;C:\WINDOWS;C:\WINDOWS\System32\Wbem;C:\WINDOWS\System32\WindowsPowerShell\v1.0\;C:\WINDOWS\System32\OpenSSH\;C:\Program Files\Git\cmd;C:\Program Files (x86)\Windows Kits\10\Windows Performance Toolkit\;D:\Qt\5.15.2\msvc2019_64;D:\Qt\5.15.2\msvc2019_64\lib;D:\Qt\5.15.2\msvc2019_64\lib\cmake;D:\Qt\5.15.2\msvc2019_64\bin;C:\Program Files (x86)\GnuWin32\bin;C:\Program Files\CMake\bin;D:\vcpkg;C:\Users\kettl;C:\Program Files\dotnet\;C:\Users\kettl\AppData\Local\Programs\Python\Python311\Scripts\;C:\Users\kettl\AppData\Local\Programs\Python\Python311\;C:\Users\kettl\AppData\Local\Microsoft\WindowsApps;C:\Users\kettl\AppData\Local\Programs\Microsoft VS Code\bin;C:\Users\kettl;C:\Users\kettl\.dotnet\tools
USERNAME=kettl
OS=Windows_NT
PROCESSOR_IDENTIFIER=AMD64 Family 23 Model 8 Stepping 2, AuthenticAMD



---------------  S Y S T E M  ---------------

OS: Windows 10 , 64 bit Build 19041 (10.0.19041.3636)

CPU:total 12 (initial active 12) (12 cores per cpu, 1 threads per core) family 23 model 8 stepping 2, cmov, cx8, fxsr, mmx, sse, sse2, sse3, ssse3, sse4.1, sse4.2, popcnt, avx, avx2, aes, clmul, mmxext, 3dnowpref, lzcnt, sse4a, tsc, tscinvbit, tscinv, bmi1

Memory: 4k page, physical 16727368k(3561544k free), swap 71253320k(50644468k free)

vm_info: Java HotSpot(TM) 64-Bit Server VM (25.341-b10) for windows-amd64 JRE (1.8.0_341-b10), built on Jun 16 2022 15:51:07 by "java_re" with MS VC++ 15.9 (VS2017)

time: Wed Dec  6 08:02:02 2023
timezone: GMT Standard Time
elapsed time: 14.400331 seconds (0d 0h 0m 14s)

